warn Package react-native-sqlite-storage contains invalid configuration: "dependency.platforms.ios.project" is not allowed. Please verify it's properly linked using "npx react-native config" command and contact the package maintainers about this.
=================================================================================================
From React Native 0.73, your project's Metro config should extend '@react-native/metro-config'
or it will fail to build. Please copy the template at:
https://github.com/react-native-community/template/blob/main/template/metro.config.js
This warning will be removed in future (https://github.com/facebook/metro/issues/1018).
=================================================================================================
error Unable to resolve module expo-image-manipulator from /Users/himbot/Documents/code/dog-translator-mobile/src/api/analysisService.ts: expo-image-manipulator could not be found within the project or in these directories:
  node_modules
[0m[31m[1m>[22m[39m[90m 1 |[39m [36mimport[39m [33m*[39m [36mas[39m [33mImageManipulator[39m [36mfrom[39m [32m'expo-image-manipulator'[39m[33m;[39m
 [90m   |[39m                                    [31m[1m^[22m[39m
 [90m 2 |[39m [36mimport[39m client [36mfrom[39m [32m'./client'[39m[33m;[39m
 [90m 3 |[39m [36mimport[39m { [33mLogger[39m } [36mfrom[39m [32m'../services/Logger'[39m[33m;[39m
 [90m 4 |[39m [36mimport[39m { [33mApiError[39m } [36mfrom[39m [32m'./ApiError'[39m[33m;[39m[0m.
Error: Unable to resolve module expo-image-manipulator from /Users/himbot/Documents/code/dog-translator-mobile/src/api/analysisService.ts: expo-image-manipulator could not be found within the project or in these directories:
  node_modules
[0m[31m[1m>[22m[39m[90m 1 |[39m [36mimport[39m [33m*[39m [36mas[39m [33mImageManipulator[39m [36mfrom[39m [32m'expo-image-manipulator'[39m[33m;[39m
 [90m   |[39m                                    [31m[1m^[22m[39m
 [90m 2 |[39m [36mimport[39m client [36mfrom[39m [32m'./client'[39m[33m;[39m
 [90m 3 |[39m [36mimport[39m { [33mLogger[39m } [36mfrom[39m [32m'../services/Logger'[39m[33m;[39m
 [90m 4 |[39m [36mimport[39m { [33mApiError[39m } [36mfrom[39m [32m'./ApiError'[39m[33m;[39m[0m
    at ModuleResolver.resolveDependency (/Users/himbot/Documents/code/dog-translator-mobile/node_modules/metro/src/node-haste/DependencyGraph/ModuleResolution.js:172:15)
    at DependencyGraph.resolveDependency (/Users/himbot/Documents/code/dog-translator-mobile/node_modules/metro/src/node-haste/DependencyGraph.js:252:43)
    at /Users/himbot/Documents/code/dog-translator-mobile/node_modules/metro/src/lib/transformHelpers.js:163:21
    at resolveDependencies (/Users/himbot/Documents/code/dog-translator-mobile/node_modules/metro/src/DeltaBundler/buildSubgraph.js:43:25)
    at visit (/Users/himbot/Documents/code/dog-translator-mobile/node_modules/metro/src/DeltaBundler/buildSubgraph.js:81:30)
    at async Promise.all (index 6)
    at async visit (/Users/himbot/Documents/code/dog-translator-mobile/node_modules/metro/src/DeltaBundler/buildSubgraph.js:90:5)
    at async Promise.all (index 6)
    at async visit (/Users/himbot/Documents/code/dog-translator-mobile/node_modules/metro/src/DeltaBundler/buildSubgraph.js:90:5)
    at async Promise.all (index 6)
error: "react-native" exited with code 1
